<?xml version="1.0" encoding="UTF-8"?>
<testsuite xmlns:xsi="http://www.w3.org/2001/XMLSchema-instance" xsi:noNamespaceSchemaLocation="https://maven.apache.org/surefire/maven-failsafe-plugin/xsd/failsafe-test-report-3.0.xsd" version="3.0" name="starter.CucumberTestSuite" time="22.517" tests="26" errors="0" skipped="25" failures="0">
  <properties>
[...]
</properties>
  <testcase name="User want to login" classname="Orange HRM Submit Leave" time="0.0">
    <skipped message="&apos;cucumber.filter.tags=@submit_leave_with_comments&apos; did not match this scenario"/>
    <system-out><![CDATA[00:02:00.483 [main] INFO  n.thucydides.core.steps.StepEventBus - Loading JUnit Platform configuration parameters from classpath resource [junit-platform.properties].
00:02:00.496 [main] INFO   - 

-------------------------------------------------------------------------------------
     _______. _______ .______       _______ .__   __.  __  .___________.____    ____ 
    /       ||   ____||   _  \     |   ____||  \ |  | |  | |           |\   \  /   / 
   |   (----`|  |__   |  |_)  |    |  |__   |   \|  | |  | `---|  |----` \   \/   /  
    \   \    |   __|  |      /     |   __|  |  . `  | |  |     |  |       \_    _/   
.----)   |   |  |____ |  |\  \----.|  |____ |  |\   | |  |     |  |         |  |     
|_______/    |_______|| _| `._____||_______||__| \__| |__|     |__|         |__|    
                                                                                     
 News and tutorials at https://serenity-bdd.info                                     
 Documentation at https://serenity-bdd.github.io                                     
 Test Automation Training and Coaching: https://www.serenity-dojo.com                
 Commercial Support: https://www.serenity-dojo.com/serenity-bdd-enterprise-support   
 Join the Serenity Community on Gitter: https://gitter.im/serenity-bdd/serenity-core 
-------------------------------------------------------------------------------------

00:02:00.500 [main] INFO   - Test Suite Started: Orange HRM Submit Leave
]]></system-out>
  </testcase>
  <testcase name="Example #1.1" classname="Examples" time="0.0">
    <skipped message="&apos;cucumber.filter.tags=@submit_leave_with_comments&apos; did not match this scenario"/>
  </testcase>
  <testcase name="Example #1.1" classname="Examples" time="0.0">
    <skipped message="&apos;cucumber.filter.tags=@submit_leave_with_comments&apos; did not match this scenario"/>
  </testcase>
  <testcase name="Example #1.1" classname="Examples" time="21.925">
    <system-out><![CDATA[00:02:00.534 [main] INFO   - Test Suite Started: Orange HRM Submit Leave with comments

@submit_leave_with_comments
Scenario Outline: User want to submit leave until submit leave quota is exhausted                                                                                       &amp#27;[90m# features/orangehrm/orangehrm_submit_leave_with_notes.feature:13&amp#27;[0m
00:02:00.954 [main] INFO  n.s.c.w.d.ChromeDriverProvider - Starting Chrome driver instance with capabilities:
00:02:00.955 [main] INFO  n.s.c.w.d.ChromeDriverProvider - Capabilities {acceptInsecureCerts: true, browserName: chrome, goog:chromeOptions: {args: [remote-allow-origins=*, test-type, no-sandbox, ignore-certificate-errors, --window-size=1680,1050, incognito, disable-infobars, disable-gpu, disable-default-apps, disable-popup-blocking, disable-dev-shm-usage, disable-extensions, disable-web-security, disable-translate, disable-logging, remote-allow-origins=*, test-type, no-sandbox, ignore-certificate-errors, --window-size=1680,1050, incognito, disable-infobars, disable-gpu, disable-default-apps, disable-popup-blocking, disable-dev-shm-usage, disable-extensions, disable-web-security, disable-translate, disable-logging, remote-allow-origins=*], extensions: []}}
  &amp#27;[32mGiven &amp#27;[0m&amp#27;[32m&amp#27;[0m&amp#27;[32m&amp#27;[1mSergey&amp#27;[0m&amp#27;[32m wants access HRM Dashboard with admin credentials via login&amp#27;[0m                                                                                              &amp#27;[90m# starter.stepdefinitions.OrangeHrmStepDefinitions.accessOrangeHrmDashboard(net.serenitybdd.screenplay.Actor)&amp#27;[0m
  &amp#27;[32mWhen &amp#27;[0m&amp#27;[32m&amp#27;[0m&amp#27;[32m&amp#27;[1mhe&amp#27;[0m&amp#27;[32m wants to submit his leave and his current leave balance is &amp#27;[0m&amp#27;[32m&amp#27;[1m"23.00 Day(s)"&amp#27;[0m&amp#27;[32m on selected date &amp#27;[0m&amp#27;[32m&amp#27;[1m"1"&amp#27;[0m&amp#27;[32m with comments &amp#27;[0m&amp#27;[32m&amp#27;[1m"submit leave due to flu and diarrhea"&amp#27;[0m           &amp#27;[90m# starter.stepdefinitions.OrangeHrmStepDefinitions.submitLeaveAndHisCurrentLeaveBalanceWithComments(net.serenitybdd.screenplay.Actor,java.lang.String,java.lang.String,java.lang.String)&amp#27;[0m
  &amp#27;[32mThen &amp#27;[0m&amp#27;[32m&amp#27;[0m&amp#27;[32m&amp#27;[1mhe&amp#27;[0m&amp#27;[32m should submit his leave successfully and his leave balance should be reduced by -1 into &amp#27;[0m&amp#27;[32m&amp#27;[1m"22.00 Day(s)"&amp#27;[0m                                                        &amp#27;[90m# starter.stepdefinitions.OrangeHrmStepDefinitions.should_submitLeaveSuccessfullyAndHisLeaveBalance(net.serenitybdd.screenplay.Actor,java.lang.String)&amp#27;[0m
  &amp#27;[32mAnd &amp#27;[0m&amp#27;[32m&amp#27;[0m&amp#27;[32m&amp#27;[1mhe&amp#27;[0m&amp#27;[32m should see that his submitted leave has been recored on My Leave section and check that the status should be correct by &amp#27;[0m&amp#27;[32m&amp#27;[1m"submit leave due to flu and diarrhea"&amp#27;[0m &amp#27;[90m# starter.stepdefinitions.OrangeHrmStepDefinitions.should_submitLeaveSuccessfullyAndHisLeaveBalanceAndCheckThatTheStatusIsCorrect(net.serenitybdd.screenplay.Actor,java.lang.String)&amp#27;[0m
]]></system-out>
    <system-err><![CDATA[Oct 28, 2024 12:02:03 AM org.openqa.selenium.devtools.CdpVersionFinder findNearestMatch
WARNING: Unable to find an exact match for CDP version 130, returning the closest version; found: 127; Please update to a Selenium version that supports CDP version 130
]]></system-err>
  </testcase>
  <testcase name="Example #1.2" classname="Examples" time="0.0">
    <skipped message="&apos;cucumber.filter.tags=@submit_leave_with_comments&apos; did not match this scenario"/>
  </testcase>
  <testcase name="Example #1.3" classname="Examples" time="0.0">
    <skipped message="&apos;cucumber.filter.tags=@submit_leave_with_comments&apos; did not match this scenario"/>
  </testcase>
  <testcase name="Example #1.4" classname="Examples" time="0.0">
    <skipped message="&apos;cucumber.filter.tags=@submit_leave_with_comments&apos; did not match this scenario"/>
  </testcase>
  <testcase name="Example #1.5" classname="Examples" time="0.0">
    <skipped message="&apos;cucumber.filter.tags=@submit_leave_with_comments&apos; did not match this scenario"/>
  </testcase>
  <testcase name="Example #1.6" classname="Examples" time="0.0">
    <skipped message="&apos;cucumber.filter.tags=@submit_leave_with_comments&apos; did not match this scenario"/>
  </testcase>
  <testcase name="Example #1.7" classname="Examples" time="0.0">
    <skipped message="&apos;cucumber.filter.tags=@submit_leave_with_comments&apos; did not match this scenario"/>
  </testcase>
  <testcase name="Example #1.8" classname="Examples" time="0.0">
    <skipped message="&apos;cucumber.filter.tags=@submit_leave_with_comments&apos; did not match this scenario"/>
  </testcase>
  <testcase name="Example #1.9" classname="Examples" time="0.0">
    <skipped message="&apos;cucumber.filter.tags=@submit_leave_with_comments&apos; did not match this scenario"/>
  </testcase>
  <testcase name="Example #1.10" classname="Examples" time="0.0">
    <skipped message="&apos;cucumber.filter.tags=@submit_leave_with_comments&apos; did not match this scenario"/>
  </testcase>
  <testcase name="Example #1.11" classname="Examples" time="0.0">
    <skipped message="&apos;cucumber.filter.tags=@submit_leave_with_comments&apos; did not match this scenario"/>
  </testcase>
  <testcase name="Example #1.12" classname="Examples" time="0.0">
    <skipped message="&apos;cucumber.filter.tags=@submit_leave_with_comments&apos; did not match this scenario"/>
  </testcase>
  <testcase name="Example #1.13" classname="Examples" time="0.0">
    <skipped message="&apos;cucumber.filter.tags=@submit_leave_with_comments&apos; did not match this scenario"/>
  </testcase>
  <testcase name="Example #1.14" classname="Examples" time="0.0">
    <skipped message="&apos;cucumber.filter.tags=@submit_leave_with_comments&apos; did not match this scenario"/>
  </testcase>
  <testcase name="Example #1.15" classname="Examples" time="0.0">
    <skipped message="&apos;cucumber.filter.tags=@submit_leave_with_comments&apos; did not match this scenario"/>
  </testcase>
  <testcase name="Example #1.16" classname="Examples" time="0.0">
    <skipped message="&apos;cucumber.filter.tags=@submit_leave_with_comments&apos; did not match this scenario"/>
  </testcase>
  <testcase name="Example #1.17" classname="Examples" time="0.0">
    <skipped message="&apos;cucumber.filter.tags=@submit_leave_with_comments&apos; did not match this scenario"/>
  </testcase>
  <testcase name="Example #1.18" classname="Examples" time="0.0">
    <skipped message="&apos;cucumber.filter.tags=@submit_leave_with_comments&apos; did not match this scenario"/>
  </testcase>
  <testcase name="Example #1.19" classname="Examples" time="0.0">
    <skipped message="&apos;cucumber.filter.tags=@submit_leave_with_comments&apos; did not match this scenario"/>
  </testcase>
  <testcase name="Example #1.20" classname="Examples" time="0.0">
    <skipped message="&apos;cucumber.filter.tags=@submit_leave_with_comments&apos; did not match this scenario"/>
  </testcase>
  <testcase name="Example #1.21" classname="Examples" time="0.0">
    <skipped message="&apos;cucumber.filter.tags=@submit_leave_with_comments&apos; did not match this scenario"/>
  </testcase>
  <testcase name="Example #1.22" classname="Examples" time="0.0">
    <skipped message="&apos;cucumber.filter.tags=@submit_leave_with_comments&apos; did not match this scenario"/>
  </testcase>
  <testcase name="Example #1.23" classname="Examples" time="0.0">
    <skipped message="&apos;cucumber.filter.tags=@submit_leave_with_comments&apos; did not match this scenario"/>
  </testcase>
</testsuite>